1648940280484	geckodriver	INFO	Listening on 127.0.0.1:62926
1648940283547	mozrunner::runner	INFO	Running command: "C:\\Program Files\\Mozilla Firefox\\firefox.exe" "--marionette" "--remote-debugging-port" "62927" "-no-remote" "-profile" "C:\\Users\\lulll\\AppData\\Local\\Temp\\rust_mozprofileee7zkY"
1648940283746	Marionette	INFO	Marionette enabled
1648940370783	geckodriver	INFO	Listening on 127.0.0.1:62962
1648940373821	mozrunner::runner	INFO	Running command: "C:\\Program Files\\Mozilla Firefox\\firefox.exe" "--marionette" "--remote-debugging-port" "62963" "-no-remote" "-profile" "C:\\Users\\lulll\\AppData\\Local\\Temp\\rust_mozprofile1xM1Pu"
1648940374014	Marionette	INFO	Marionette enabled
console.warn: SearchSettings: "get: No settings file exists, new profile?" (new NotFoundError("Could not open the file at C:\\Users\\lulll\\AppData\\Local\\Temp\\rust_mozprofile1xM1Pu\\search.json.mozlz4", (void 0)))
DevTools listening on ws://localhost:62963/devtools/browser/3a512ddd-051a-4c22-b29f-9dc3a01da1ca
1648940375534	Marionette	INFO	Listening on port 62969
1648940375878	RemoteAgent	WARN	TLS certificate errors will be ignored for this session
1648940375879	RemoteAgent	INFO	Proxy settings initialised: {"proxyType":"manual","socksProxy":"127.0.0.1:9050","socksVersion":5}
JavaScript warning: https://www.redditstatic.com/accountmanager/register.b400a8d9c383e500ab6a.js, line 1: unreachable code after return statement
console.warn: LoginRecipes: "getRecipes: falling back to a synchronous message for:" "https://www.reddit.com"
console.warn: LoginRecipes: "getRecipes: falling back to a synchronous message for:" "https://www.reddit.com"
1648940431394	Marionette	INFO	Stopped listening on port 62969
1648940433083	geckodriver	INFO	Listening on 127.0.0.1:63064
1648940436133	mozrunner::runner	INFO	Running command: "C:\\Program Files\\Mozilla Firefox\\firefox.exe" "--marionette" "--remote-debugging-port" "63065" "-no-remote" "-profile" "C:\\Users\\lulll\\AppData\\Local\\Temp\\rust_mozprofileuLM1co"
1648940436328	Marionette	INFO	Marionette enabled
console.warn: SearchSettings: "get: No settings file exists, new profile?" (new NotFoundError("Could not open the file at C:\\Users\\lulll\\AppData\\Local\\Temp\\rust_mozprofileuLM1co\\search.json.mozlz4", (void 0)))
DevTools listening on ws://localhost:63065/devtools/browser/eef8d534-23fd-4229-9369-7beb91101771
1648940437790	Marionette	INFO	Listening on port 63070
1648940438179	RemoteAgent	WARN	TLS certificate errors will be ignored for this session
1648940438180	RemoteAgent	INFO	Proxy settings initialised: {"proxyType":"manual","socksProxy":"127.0.0.1:9050","socksVersion":5}
JavaScript warning: https://www.redditstatic.com/accountmanager/register.b400a8d9c383e500ab6a.js, line 1: unreachable code after return statement
console.warn: LoginRecipes: "getRecipes: falling back to a synchronous message for:" "https://www.reddit.com"
console.warn: LoginRecipes: "getRecipes: falling back to a synchronous message for:" "https://www.reddit.com"
1648940476812	Marionette	INFO	Stopped listening on port 63070
1648940478463	geckodriver	INFO	Listening on 127.0.0.1:63449
1648940481502	mozrunner::runner	INFO	Running command: "C:\\Program Files\\Mozilla Firefox\\firefox.exe" "--marionette" "--remote-debugging-port" "63450" "-no-remote" "-profile" "C:\\Users\\lulll\\AppData\\Local\\Temp\\rust_mozprofilevRLJKV"
1648940481694	Marionette	INFO	Marionette enabled
console.warn: SearchSettings: "get: No settings file exists, new profile?" (new NotFoundError("Could not open the file at C:\\Users\\lulll\\AppData\\Local\\Temp\\rust_mozprofilevRLJKV\\search.json.mozlz4", (void 0)))
DevTools listening on ws://localhost:63450/devtools/browser/b3896c82-7fc4-4451-8b40-5781dd70a46b
1648940483076	Marionette	INFO	Listening on port 63455
1648940483547	RemoteAgent	WARN	TLS certificate errors will be ignored for this session
1648940483548	RemoteAgent	INFO	Proxy settings initialised: {"proxyType":"manual","socksProxy":"127.0.0.1:9050","socksVersion":5}
1648940484120	Marionette	INFO	Stopped listening on port 63455
console.warn: TopSitesFeed: Failed to fetch data from Contile server: NetworkError when attempting to fetch resource.
JavaScript error: chrome://remote/content/marionette/cert.js, line 55: NS_ERROR_NOT_AVAILABLE: Component returned failure code: 0x80040111 (NS_ERROR_NOT_AVAILABLE) [nsICertOverrideService.setDisableAllSecurityChecksAndLetAttackersInterceptMyData]
1648940959089	geckodriver	INFO	Listening on 127.0.0.1:63566
1648940962124	mozrunner::runner	INFO	Running command: "C:\\Program Files\\Mozilla Firefox\\firefox.exe" "--marionette" "--remote-debugging-port" "63567" "-no-remote" "-profile" "C:\\Users\\lulll\\AppData\\Local\\Temp\\rust_mozprofileQJk83a"
1648940962311	Marionette	INFO	Marionette enabled
console.warn: SearchSettings: "get: No settings file exists, new profile?" (new NotFoundError("Could not open the file at C:\\Users\\lulll\\AppData\\Local\\Temp\\rust_mozprofileQJk83a\\search.json.mozlz4", (void 0)))
DevTools listening on ws://localhost:63567/devtools/browser/16c70530-8bb0-4814-a680-df2924bac18a
1648940963875	Marionette	INFO	Listening on port 63572
1648940964161	RemoteAgent	WARN	TLS certificate errors will be ignored for this session
1648940964162	RemoteAgent	INFO	Proxy settings initialised: {"proxyType":"manual","socksProxy":"127.0.0.1:9050","socksVersion":5}
1648940970460	Marionette	INFO	Stopped listening on port 63572
console.warn: TopSitesFeed: Failed to fetch data from Contile server: NetworkError when attempting to fetch resource.
JavaScript error: chrome://remote/content/marionette/cert.js, line 55: NS_ERROR_NOT_AVAILABLE: Component returned failure code: 0x80040111 (NS_ERROR_NOT_AVAILABLE) [nsICertOverrideService.setDisableAllSecurityChecksAndLetAttackersInterceptMyData]
1648941552908	geckodriver	INFO	Listening on 127.0.0.1:59005
1648941555953	mozrunner::runner	INFO	Running command: "C:\\Program Files\\Mozilla Firefox\\firefox.exe" "--marionette" "--remote-debugging-port" "59006" "-no-remote" "-profile" "C:\\Users\\lulll\\AppData\\Local\\Temp\\rust_mozprofileHoJCM9"
1648941556142	Marionette	INFO	Marionette enabled
console.warn: SearchSettings: "get: No settings file exists, new profile?" (new NotFoundError("Could not open the file at C:\\Users\\lulll\\AppData\\Local\\Temp\\rust_mozprofileHoJCM9\\search.json.mozlz4", (void 0)))
DevTools listening on ws://localhost:59006/devtools/browser/4f0293cf-38f7-4f6d-a24b-d2a81f0fbc9a
1648941557699	Marionette	INFO	Listening on port 59011
1648941557999	RemoteAgent	WARN	TLS certificate errors will be ignored for this session
1648941558000	RemoteAgent	INFO	Proxy settings initialised: {"proxyType":"manual","socksProxy":"127.0.0.1:9050","socksVersion":5}
JavaScript warning: https://www.redditstatic.com/accountmanager/register.b400a8d9c383e500ab6a.js, line 1: unreachable code after return statement
console.warn: LoginRecipes: "getRecipes: falling back to a synchronous message for:" "https://www.reddit.com"
console.warn: LoginRecipes: "getRecipes: falling back to a synchronous message for:" "https://www.reddit.com"
JavaScript error: resource://gre/modules/LoginManagerParent.jsm, line 136: TypeError: gRecipeManager is null
1648941605087	Marionette	INFO	Stopped listening on port 59011
1648941606763	geckodriver	INFO	Listening on 127.0.0.1:59113
1648941609804	mozrunner::runner	INFO	Running command: "C:\\Program Files\\Mozilla Firefox\\firefox.exe" "--marionette" "--remote-debugging-port" "59114" "-no-remote" "-profile" "C:\\Users\\lulll\\AppData\\Local\\Temp\\rust_mozprofileAt1Hxr"
1648941609995	Marionette	INFO	Marionette enabled
console.warn: SearchSettings: "get: No settings file exists, new profile?" (new NotFoundError("Could not open the file at C:\\Users\\lulll\\AppData\\Local\\Temp\\rust_mozprofileAt1Hxr\\search.json.mozlz4", (void 0)))
DevTools listening on ws://localhost:59114/devtools/browser/4283bd8b-fdb3-4c35-9bf9-ed72d43ca2a9
1648941611635	Marionette	INFO	Listening on port 59119
1648941611840	RemoteAgent	WARN	TLS certificate errors will be ignored for this session
1648941611841	RemoteAgent	INFO	Proxy settings initialised: {"proxyType":"manual","socksProxy":"127.0.0.1:9050","socksVersion":5}
JavaScript warning: https://www.redditstatic.com/accountmanager/register.b400a8d9c383e500ab6a.js, line 1: unreachable code after return statement
1648941616173	Marionette	INFO	Stopped listening on port 59119
console.warn: TopSitesFeed: Failed to fetch data from Contile server: NetworkError when attempting to fetch resource.
JavaScript error: chrome://remote/content/marionette/cert.js, line 55: NS_ERROR_NOT_AVAILABLE: Component returned failure code: 0x80040111 (NS_ERROR_NOT_AVAILABLE) [nsICertOverrideService.setDisableAllSecurityChecksAndLetAttackersInterceptMyData]

###!!! [Parent][PGPUParent] Error: RunMessage(msgname=PGPU::Msg_ShutdownVR) Channel closing: too late to send/recv, messages will be lost

1648941683172	geckodriver	INFO	Listening on 127.0.0.1:59176
1648941686211	mozrunner::runner	INFO	Running command: "C:\\Program Files\\Mozilla Firefox\\firefox.exe" "--marionette" "--remote-debugging-port" "59177" "-no-remote" "-profile" "C:\\Users\\lulll\\AppData\\Local\\Temp\\rust_mozprofileYQla8i"
1648941686400	Marionette	INFO	Marionette enabled
console.warn: SearchSettings: "get: No settings file exists, new profile?" (new NotFoundError("Could not open the file at C:\\Users\\lulll\\AppData\\Local\\Temp\\rust_mozprofileYQla8i\\search.json.mozlz4", (void 0)))
DevTools listening on ws://localhost:59177/devtools/browser/745524f3-fbcb-4f14-86e8-73c9a37d952b
1648941687992	Marionette	INFO	Listening on port 59184
1648941688248	RemoteAgent	WARN	TLS certificate errors will be ignored for this session
1648941688248	RemoteAgent	INFO	Proxy settings initialised: {"proxyType":"manual","socksProxy":"127.0.0.1:9050","socksVersion":5}
JavaScript warning: https://www.redditstatic.com/accountmanager/register.b400a8d9c383e500ab6a.js, line 1: unreachable code after return statement
console.warn: LoginRecipes: "getRecipes: falling back to a synchronous message for:" "https://www.reddit.com"
console.warn: LoginRecipes: "getRecipes: falling back to a synchronous message for:" "https://www.reddit.com"
JavaScript error: resource://gre/modules/LoginManagerParent.jsm, line 136: TypeError: gRecipeManager is null
1648941742661	Marionette	INFO	Stopped listening on port 59184
[Parent 20428, IPC I/O Parent] WARNING: file /builds/worker/checkouts/gecko/ipc/chromium/src/base/process_util_win.cc:167
[Parent 20428, IPC I/O Parent] WARNING: file /builds/worker/checkouts/gecko/ipc/chromium/src/base/process_util_win.cc:167
